C51 COMPILER V9.59.0.0   MAIN                                                              02/15/2022 12:22:51 PAGE 1   


C51 COMPILER V9.59.0.0, COMPILATION OF MODULE MAIN
OBJECT MODULE PLACED IN .\Objects\main.obj
COMPILER INVOKED BY: E:\keil5\C51\BIN\C51.EXE main.c OPTIMIZE(8,SPEED) BROWSE DEBUG OBJECTEXTEND PRINT(.\Listings\main.l
                    -st) TABS(2) OBJECT(.\Objects\main.obj)

line level    source

   1          #include <REGX52.H>
   2          #include "uart.h"
   3          #include "delay.h"
   4          #include "key.h"
   5          #include "oled.h"
   6          #include "bmp.h"
   7          unsigned char light1,key_timernum,i;
   8          static unsigned char uart_count;
   9          unsigned char *a="AT+MQTTUSERCFG=0,1,\"0567df814c1a4eebbd0e7eedcdb91c0d\",\"\",\"\",0,0,\"\"\r\n";
  10          unsigned char *b="AT+MQTTCONN=0,\"119.91.109.180\",9501,0\r\n";
  11          unsigned char *c="AT+MQTTSUB=0,\"test\",1\r\n";
  12          
  13          void main()
  14          {
  15   1        Uart_Init();
  16   1        Timer0Init();
  17   1        OLED_Init();
  18   1        OLED_Clear(); 
  19   1        OLED_ShowCHinese(1,0,0);
  20   1        OLED_ShowCHinese(18,0,1);
  21   1        OLED_ShowCHinese(36,0,2);
  22   1        OLED_ShowCHinese(54,0,3);
  23   1        OLED_ShowCHinese(1,3,4);
  24   1        OLED_ShowChar(18,4,':',1);
  25   1        OLED_ShowCHinese(25,3,7); 
  26   1          while(1)
  27   1        {
  28   2                                        //OLED_DrawBMP(0,0,128,64,BMP2);
  29   2          key_timernum=key();
  30   2          if(key_timernum==1)
  31   2          {light1=!light1;}
  32   2          if(light1==1)
  33   2          {
  34   3          P0_1=0;
  35   3          OLED_ShowCHinese(25,3,6);
  36   3          }
  37   2          else if(light1==0)
  38   2          {
  39   3          P0_1=1;
  40   3          OLED_ShowCHinese(25,3,7);
  41   3          }
  42   2        }
  43   1      }
  44          
  45          void Uart_Routine() interrupt 4
  46          {
  47   1        static unsigned char buzzer[20];
  48   1        if(RI==1)
  49   1        {
  50   2          RI=0;
  51   2          buzzer[i]=SBUF;
  52   2      //    light1=!light1;
  53   2          if(buzzer[0]==':'||i>0)
  54   2          {i++;}
C51 COMPILER V9.59.0.0   MAIN                                                              02/15/2022 12:22:51 PAGE 2   

  55   2          else
  56   2          {i=0;}
  57   2        }
  58   1        if(i==13)
  59   1        {
  60   2        i=0;
  61   2        if(buzzer[12]=='1')
  62   2        {light1=1;}
  63   2        else if(buzzer[12]=='0')
  64   2        {light1=0;}
  65   2      }
  66   1      }
  67          
  68          void key_num() interrupt 1
  69          {
  70   1        static unsigned char i=0;
  71   1        static unsigned int count1,count2;
  72   1        count1++;
  73   1        count2++;
  74   1        TL0 = 0x66;
  75   1        TH0 = 0xFC;
  76   1        if(count1>=2)
  77   1        {
  78   2          key_timer();
  79   2          count1=0;
  80   2        } 
  81   1        if(count2==5000&&i==0)
  82   1        {
  83   2          i++;
  84   2          Uart_SendFile(a);
  85   2        }
  86   1        else if(count2==12000&&i==1)
  87   1        {
  88   2          i++;
  89   2          Uart_SendFile(b);
  90   2        }
  91   1        else if(count2==22000&&i==2)
  92   1        {
  93   2          i++;
  94   2          Uart_SendFile(c);
  95   2        }
  96   1      }


MODULE INFORMATION:   STATIC OVERLAYABLE
   CODE SIZE        =    383    ----
   CONSTANT SIZE    =   1685    ----
   XDATA SIZE       =   ----    ----
   PDATA SIZE       =   ----    ----
   DATA SIZE        =     38    ----
   IDATA SIZE       =   ----    ----
   BIT SIZE         =   ----    ----
END OF MODULE INFORMATION.


C51 COMPILATION COMPLETE.  0 WARNING(S),  0 ERROR(S)
